<?xml version="1.0" encoding="UTF-8" ?>
<testsuite errors="0" failures="1" hostname="CC201-11" name="org.netbeans.modules.compapp.catd.ConfiguredTest" skipped="0" tests="1" time="0.822" timestamp="2023-05-26T02:46:56">
  <properties>
[...]
</properties>
  <testcase classname="org.netbeans.modules.compapp.catd.ConfiguredTest" name="TestCase1" time="0.807">
    <failure message="[25/05/2023 08:46:57 PM] The response is not identical to the expected output." type="junit.framework.AssertionFailedError">junit.framework.AssertionFailedError: [25/05/2023 08:46:57 PM] The response is not identical to the expected output.
	at org.netbeans.modules.compapp.catd.ConfiguredTest.checkExpectedOutput(ConfiguredTest.java:2354)
	at org.netbeans.modules.compapp.catd.ConfiguredTest.checkExpectedOutput(ConfiguredTest.java:2224)
	at org.netbeans.modules.compapp.catd.ConfiguredTest.testConcurrentSOAPRequest(ConfiguredTest.java:867)
</failure>
  </testcase>
  <system-out><![CDATA[GenerateATSOutput=${generate.ats.output}
NetBeansUserDir=C:\Users\sdist\AppData\Roaming\.openesb_studio\3.1.2
ServerPassword=admin
awt.toolkit=sun.awt.windows.WToolkit
file.encoding=Cp1252
file.encoding.pkg=sun.io
file.separator=\
inDebug=${inDebug}
java.awt.graphicsenv=sun.awt.Win32GraphicsEnvironment
java.awt.headless=${java.awt.headless}
java.awt.printerjob=sun.awt.windows.WPrinterJob
java.class.path=C:\SCE\DocumentosOpenESB312\OpenESB-Quickstart-Standalone-3.1.2.3-a\OpenESB-SE-3.1.2.3-a\OE-Studio\soa\modules\org-netbeans-modules-compapp-manager-jbi.jar;C:\SCE\DocumentosOpenESB312\OpenESB-Quickstart-Standalone-3.1.2.3-a\OpenESB-SE-3.1.2.3-a\OE-Studio\soa\modules\org-netbeans-modules-compapp-projects-jbi.jar;C:\SCE\DocumentosOpenESB312\OpenESB-Quickstart-Standalone-3.1.2.3-a\OpenESB-SE-3.1.2.3-a\OE-Studio\soa\modules\ext\jbi-admin-common.jar;C:\SCE\DocumentosOpenESB312\OpenESB-Quickstart-Standalone-3.1.2.3-a\OpenESB-SE-3.1.2.3-a\OE-Studio\soa\modules\ext\catd.jar;C:\SCE\DocumentosOpenESB312\OpenESB-Quickstart-Standalone-3.1.2.3-a\OpenESB-SE-3.1.2.3-a\OE-Studio\java\modules\ext\jaxws22\api\saaj-api.jar;C:\SCE\DocumentosOpenESB312\OpenESB-Quickstart-Standalone-3.1.2.3-a\OpenESB-SE-3.1.2.3-a\OE-Studio\java\modules\ext\jaxws22\saaj-impl.jar;C:\SCE\DocumentosOpenESB312\OpenESB-Quickstart-Standalone-3.1.2.3-a\OpenESB-SE-3.1.2.3-a\OE-Studio\java\modules\ext\jaxws22\FastInfoset.jar;C:\SCE\DocumentosOpenESB312\OpenESB-Quickstart-Standalone-3.1.2.3-a\OpenESB-SE-3.1.2.3-a\OE-Studio\ide\modules\org-netbeans-modules-editor-lib.jar;C:\SCE\DocumentosOpenESB312\OpenESB-Quickstart-Standalone-3.1.2.3-a\OpenESB-SE-3.1.2.3-a\OE-Studio\ide\modules\org-netbeans-modules-editor.jar;C:\SCE\DocumentosOpenESB312\OpenESB-Quickstart-Standalone-3.1.2.3-a\OpenESB-SE-3.1.2.3-a\OE-Studio\ide\modules\org-netbeans-modules-editor-deprecated-pre65formatting.jar;C:\SCE\DocumentosOpenESB312\OpenESB-Quickstart-Standalone-3.1.2.3-a\OpenESB-SE-3.1.2.3-a\OE-Studio\ide\modules\org-netbeans-modules-editor-util.jar;C:\SCE\DocumentosOpenESB312\OpenESB-Quickstart-Standalone-3.1.2.3-a\OpenESB-SE-3.1.2.3-a\OE-Studio\ide\modules\org-netbeans-modules-editor-lib2.jar;C:\SCE\DocumentosOpenESB312\OpenESB-Quickstart-Standalone-3.1.2.3-a\OpenESB-SE-3.1.2.3-a\OE-Studio\ide\modules\org-netbeans-modules-editor-indent.jar;C:\SCE\DocumentosOpenESB312\OpenESB-Quickstart-Standalone-3.1.2.3-a\OpenESB-SE-3.1.2.3-a\OE-Studio\ide\modules\org-netbeans-modules-editor-plain.jar;C:\SCE\DocumentosOpenESB312\OpenESB-Quickstart-Standalone-3.1.2.3-a\OpenESB-SE-3.1.2.3-a\OE-Studio\ide\modules\org-netbeans-modules-editor-plain-lib.jar;C:\SCE\DocumentosOpenESB312\OpenESB-Quickstart-Standalone-3.1.2.3-a\OpenESB-SE-3.1.2.3-a\OE-Studio\ide\modules\org-netbeans-modules-editor-document.jar;C:\SCE\DocumentosOpenESB312\OpenESB-Quickstart-Standalone-3.1.2.3-a\OpenESB-SE-3.1.2.3-a\OE-Studio\ide\modules\org-netbeans-modules-editor-settings.jar;C:\SCE\DocumentosOpenESB312\OpenESB-Quickstart-Standalone-3.1.2.3-a\OpenESB-SE-3.1.2.3-a\OE-Studio\ide\modules\org-netbeans-modules-editor-settings-lib.jar;C:\SCE\DocumentosOpenESB312\OpenESB-Quickstart-Standalone-3.1.2.3-a\OpenESB-SE-3.1.2.3-a\OE-Studio\ide\modules\org-netbeans-modules-editor-settings-storage.jar;C:\SCE\DocumentosOpenESB312\OpenESB-Quickstart-Standalone-3.1.2.3-a\OpenESB-SE-3.1.2.3-a\OE-Studio\ide\modules\org-netbeans-modules-lexer.jar;C:\SCE\DocumentosOpenESB312\OpenESB-Quickstart-Standalone-3.1.2.3-a\OpenESB-SE-3.1.2.3-a\OE-Studio\ide\modules\org-netbeans-modules-xml-core.jar;C:\SCE\DocumentosOpenESB312\OpenESB-Quickstart-Standalone-3.1.2.3-a\OpenESB-SE-3.1.2.3-a\OE-Studio\ide\modules\org-netbeans-modules-xml-lexer.jar;C:\SCE\DocumentosOpenESB312\OpenESB-Quickstart-Standalone-3.1.2.3-a\OpenESB-SE-3.1.2.3-a\OE-Studio\ide\modules\org-netbeans-modules-xml-text.jar;C:\SCE\DocumentosOpenESB312\OpenESB-Quickstart-Standalone-3.1.2.3-a\OpenESB-SE-3.1.2.3-a\OE-Studio\ide\modules\org-netbeans-modules-xml-xdm.jar;C:\SCE\DocumentosOpenESB312\OpenESB-Quickstart-Standalone-3.1.2.3-a\OpenESB-SE-3.1.2.3-a\OE-Studio\ide\modules\org-netbeans-modules-xml-xam.jar;C:\SCE\DocumentosOpenESB312\OpenESB-Quickstart-Standalone-3.1.2.3-a\OpenESB-SE-3.1.2.3-a\OE-Studio\ide\modules\org-netbeans-modules-csl-api.jar;C:\SCE\DocumentosOpenESB312\OpenESB-Quickstart-Standalone-3.1.2.3-a\OpenESB-SE-3.1.2.3-a\OE-Studio\ide\modules\ext\jaxb\activation.jar;C:\SCE\DocumentosOpenESB312\OpenESB-Quickstart-Standalone-3.1.2.3-a\OpenESB-SE-3.1.2.3-a\OE-Studio\platform\lib\org-openide-modules.jar;C:\SCE\DocumentosOpenESB312\OpenESB-Quickstart-Standalone-3.1.2.3-a\OpenESB-SE-3.1.2.3-a\OE-Studio\platform\lib\org-openide-util.jar;C:\SCE\DocumentosOpenESB312\OpenESB-Quickstart-Standalone-3.1.2.3-a\OpenESB-SE-3.1.2.3-a\OE-Studio\platform\lib\org-openide-util-ui.jar;C:\SCE\DocumentosOpenESB312\OpenESB-Quickstart-Standalone-3.1.2.3-a\OpenESB-SE-3.1.2.3-a\OE-Studio\platform\lib\org-openide-util-lookup.jar;C:\SCE\DocumentosOpenESB312\OpenESB-Quickstart-Standalone-3.1.2.3-a\OpenESB-SE-3.1.2.3-a\OE-Studio\platform\modules\org-openide-awt.jar;C:\SCE\DocumentosOpenESB312\OpenESB-Quickstart-Standalone-3.1.2.3-a\OpenESB-SE-3.1.2.3-a\OE-Studio\platform\modules\org-openide-options.jar;C:\SCE\DocumentosOpenESB312\OpenESB-Quickstart-Standalone-3.1.2.3-a\OpenESB-SE-3.1.2.3-a\OE-Studio\platform\modules\org-openide-text.jar;C:\SCE\DocumentosOpenESB312\OpenESB-Quickstart-Standalone-3.1.2.3-a\OpenESB-SE-3.1.2.3-a\OE-Studio\platform\modules\org-openide-loaders.jar;C:\SCE\DocumentosOpenESB312\OpenESB-Quickstart-Standalone-3.1.2.3-a\OpenESB-SE-3.1.2.3-a\OE-Studio\platform\modules\org-openide-nodes.jar;C:\SCE\DocumentosOpenESB312\OpenESB-Quickstart-Standalone-3.1.2.3-a\OpenESB-SE-3.1.2.3-a\OE-Studio\platform\modules\org-netbeans-modules-editor-mimelookup.jar;C:\SCE\DocumentosOpenESB312\OpenESB-Quickstart-Standalone-3.1.2.3-a\OpenESB-SE-3.1.2.3-a\OE-Studio\platform\modules\org-netbeans-modules-editor-mimelookup-impl.jar;C:\SCE\DocumentosOpenESB312\OpenESB-Quickstart-Standalone-3.1.2.3-a\OpenESB-SE-3.1.2.3-a\OE-Studio\platform\core\org-openide-filesystems.jar;C:\SCE\DocumentosOpenESB312\OpenESB-Quickstart-Standalone-3.1.2.3-a\OpenESB-SE-3.1.2.3-a\OE-Studio\platform\modules\org-netbeans-modules-keyring.jar;C:\SCE\DocumentosOpenESB312\OpenESB-Quickstart-Standalone-3.1.2.3-a\OpenESB-SE-3.1.2.3-a\OE-Studio\platform\modules\org-openide-dialogs.jar;C:\SCE\DocumentosOpenESB312\OpenESB-Quickstart-Standalone-3.1.2.3-a\OpenESB-SE-3.1.2.3-a\OE-Studio\platform\modules\ext\junit-4.12.jar;C:\SCE\DocumentosOpenESB312\OpenESB-Quickstart-Standalone-3.1.2.3-a\OpenESB-SE-3.1.2.3-a\OE-Studio\extide\ant\lib\ant-launcher.jar;C:\SCE\DocumentosOpenESB312\OpenESB-Quickstart-Standalone-3.1.2.3-a\OpenESB-SE-3.1.2.3-a\OE-Studio\extide\ant\lib\ant.jar;C:\SCE\DocumentosOpenESB312\OpenESB-Quickstart-Standalone-3.1.2.3-a\OpenESB-SE-3.1.2.3-a\OE-Studio\extide\ant\lib\ant-junit.jar;C:\SCE\DocumentosOpenESB312\OpenESB-Quickstart-Standalone-3.1.2.3-a\OpenESB-SE-3.1.2.3-a\OE-Studio\extide\ant\lib\ant-junit4.jar
java.class.version=52.0
java.endorsed.dirs=C:\PROGRA~1\Java\JDK18~1.0_1\jre\lib\endorsed
java.ext.dirs=C:\PROGRA~1\Java\JDK18~1.0_1\jre\lib\ext;C:\Windows\Sun\Java\lib\ext
java.home=C:\PROGRA~1\Java\JDK18~1.0_1\jre
java.io.tmpdir=C:\Users\sdist\AppData\Local\Temp\
java.library.path=C:\PROGRA~1\Java\JDK18~1.0_1\jre\bin;C:\Windows\Sun\Java\bin;C:\Windows\system32;C:\Windows;C:\Python310\Scripts\;C:\Python310\;C:\Program Files (x86)\Common Files\Oracle\Java\javapath;C:\Program Files (x86)\VMware\VMware Player\bin\;C:\app\lenovo-darkknight\OraHome_1\bin;C:\app\client\lenovo-darkknight\product\12.1.0\client_1\bin;C:\Program Files\Microsoft MPI\Bin\;C:\watcom-1.3\binnt;C:\watcom-1.3\binw;C:\ProgramData\Oracle\Java\javapath;C:\Windows\system32;C:\Windows;C:\Windows\System32\Wbem;C:\Windows\System32\WindowsPowerShell\v1.0\;C:\Windows\System32\OpenSSH\;C:\Program Files\swipl\bin;C:\Program Files\MATLAB\R2021a\runtime\win64;C:\Program Files\MATLAB\R2021a\bin;C:\Program Files\IBM\SPSS\Statistics\25\JRE\bin;C:\Program Files\Microsoft SQL Server\120\DTS\Binn\;C:\Program Files\Microsoft SQL Server\Client SDK\ODBC\110\Tools\Binn\;C:\Program Files (x86)\Microsoft SQL Server\120\Tools\Binn\;C:\Program Files\Microsoft SQL Server\120\Tools\Binn\;C:\Program Files (x86)\Microsoft SQL Server\120\Tools\Binn\ManagementStudio\;C:\Program Files (x86)\Microsoft SQL Server\120\DTS\Binn\;C:\Program Files (x86)\Microsoft SQL Server\150\Tools\Binn\;C:\Program Files\Microsoft SQL Server\150\Tools\Binn\;C:\Program Files (x86)\Microsoft SQL Server\150\DTS\Binn\;C:\Program Files\Microsoft SQL Server\150\DTS\Binn\;C:\Program Files\Microsoft SQL Server\Client SDK\ODBC\170\Tools\Binn\;C:\Program Files (x86)\MiKTeX 2.9\miktex\bin\;C:\Program Files\dotnet\;C:\Program Files\Microsoft SQL Server\130\Tools\Binn\;C:\Program Files (x86)\dotnet\;C:\Program Files\Git\cmd;C:\Program Files\gs\gs9.56.1\bin;C:\Program Files\nodejs\;C:\ProgramData\chocolatey\bin;C:\Users\sdist\AppData\Local\Microsoft\WindowsApps;;C:\Users\sdist\AppData\Local\Programs\Microsoft VS Code\bin;.
java.runtime.name=Java(TM) SE Runtime Environment
java.runtime.version=1.8.0_111-b14
java.specification.name=Java Platform API Specification
java.specification.vendor=Oracle Corporation
java.specification.version=1.8
java.vendor=Oracle Corporation
java.vendor.url=http://java.oracle.com/
java.vendor.url.bug=http://bugreport.sun.com/bugreport/
java.version=1.8.0_111
java.vm.info=mixed mode
java.vm.name=Java HotSpot(TM) 64-Bit Server VM
java.vm.specification.name=Java Virtual Machine Specification
java.vm.specification.vendor=Oracle Corporation
java.vm.specification.version=1.8
java.vm.vendor=Oracle Corporation
java.vm.version=25.111-b14
line.separator=

org.netbeans.modules.compapp.catd.context=
os.arch=amd64
os.name=Windows 10
os.version=10.0
path.separator=;
sun.arch.data.model=64
sun.boot.class.path=C:\PROGRA~1\Java\JDK18~1.0_1\jre\lib\resources.jar;C:\PROGRA~1\Java\JDK18~1.0_1\jre\lib\rt.jar;C:\PROGRA~1\Java\JDK18~1.0_1\jre\lib\sunrsasign.jar;C:\PROGRA~1\Java\JDK18~1.0_1\jre\lib\jsse.jar;C:\PROGRA~1\Java\JDK18~1.0_1\jre\lib\jce.jar;C:\PROGRA~1\Java\JDK18~1.0_1\jre\lib\charsets.jar;C:\PROGRA~1\Java\JDK18~1.0_1\jre\lib\jfr.jar;C:\PROGRA~1\Java\JDK18~1.0_1\jre\classes
sun.boot.library.path=C:\PROGRA~1\Java\JDK18~1.0_1\jre\bin
sun.cpu.endian=little
sun.cpu.isalist=amd64
sun.desktop=windows
sun.io.unicode.encoding=UnicodeLittle
sun.java.command=org.apache.tools.ant.taskdefs.optional.junit.JUnitTestRunner org.netbeans.modules.compapp.catd.ConfiguredTest skipNonTests=false filtertrace=true haltOnError=false haltOnFailure=false showoutput=true outputtoformatters=true logfailedtests=true threadid=0 logtestlistenerevents=true formatter=org.apache.tools.ant.taskdefs.optional.junit.BriefJUnitResultFormatter formatter=org.apache.tools.ant.taskdefs.optional.junit.XMLJUnitResultFormatter,C:\SCE\ProyectoFinal181866\TiendaOnline4\test\results\TEST-org.netbeans.modules.compapp.catd.ConfiguredTest.xml crashfile=C:\Users\sdist\AppData\Local\Temp\junitvmwatcher8558743909003483446.properties propsfile=C:\Users\sdist\AppData\Local\Temp\junit4700730154705634690.properties
sun.java.launcher=SUN_STANDARD
sun.jnu.encoding=Cp1252
sun.management.compiler=HotSpot 64-Bit Tiered Compilers
sun.os.patch.level=
user.country=MX
user.dir=C:\SCE\ProyectoFinal181866\TiendaOnline4
user.home=C:\Users\sdist
user.language=es
user.name=sdist
user.script=
user.timezone=GMT-06:00
user.variant=
Test TestCase1\Concurrent.properties
  * Difference (Delete): SOAP-ENV:Fault
  * Difference (Add): RespuestaElement
 Failed. (Destination: http://localhost:${HttpDefaultPort}/TiendaOnline4Service1/casaPort1)
]]></system-out>
  <system-err><![CDATA[]]></system-err>
</testsuite>
